<?xml version="1.0" encoding="UTF-8"?>
<testsuites tests="1" failures="0" disabled="0" errors="0" time="0" timestamp="2022-12-11T17:21:06.748" name="AllTests">
  <testsuite name="Test" tests="1" failures="0" disabled="0" skipped="0" errors="0" time="0" timestamp="2022-12-11T17:21:06.748">
    <testcase name="testcase3" file="/home/yardie/Desktop/TDA4X_master/GoogleTest/test_code/sample_model/src/mytest.cpp" line="26" status="run" result="completed" time="0" timestamp="2022-12-11T17:21:06.748" classname="Test" />
  </testsuite>
</testsuites>
