<?xml version="1.0" encoding="UTF-8"?>
<testsuites tests="1" failures="1" disabled="0" errors="0" time="0" timestamp="2022-11-27T17:06:05.179" name="AllTests">
  <testsuite name="TsTest" tests="1" failures="1" disabled="0" skipped="0" errors="0" time="0" timestamp="2022-11-27T17:06:05.179">
    <testcase name="testcase1" file="/home/yardie/Desktop/TDA4X_master/GoogleTest/test_code/TauristarPlatform_test/src/ts_test.cpp" line="14" status="run" result="completed" time="0" timestamp="2022-11-27T17:06:05.179" classname="TsTest">
      <failure message="/home/yardie/Desktop/TDA4X_master/GoogleTest/test_code/TauristarPlatform_test/src/ts_test.cpp:26&#x0A;Expected equality of these values:&#x0A;  result&#x0A;    Which is: false&#x0A;  1" type=""><![CDATA[/home/yardie/Desktop/TDA4X_master/GoogleTest/test_code/TauristarPlatform_test/src/ts_test.cpp:26
Expected equality of these values:
  result
    Which is: false
  1]]></failure>
    </testcase>
  </testsuite>
</testsuites>
