<?xml version="1.0" encoding="UTF-8"?>
<testsuites tests="14" failures="1" disabled="0" errors="0" time="0.002" timestamp="2021-04-10T00:07:27.282" name="AllTests">
  <testsuite name="ShaderTest_API" tests="5" failures="1" disabled="0" skipped="0" errors="0" time="0" timestamp="2021-04-10T00:07:27.282">
    <testcase name="shader_api_test_001" file="/home/yardie/Desktop/TDA4X_master/GoogleTest/test_code/AUI_test/src/test_src/aui_shader_test.cpp" line="9" status="run" result="completed" time="0" timestamp="2021-04-10T00:07:27.282" classname="ShaderTest_API" />
    <testcase name="shader_api_test_002" file="/home/yardie/Desktop/TDA4X_master/GoogleTest/test_code/AUI_test/src/test_src/aui_shader_test.cpp" line="20" status="run" result="completed" time="0" timestamp="2021-04-10T00:07:27.283" classname="ShaderTest_API" />
    <testcase name="shader_api_test_003" file="/home/yardie/Desktop/TDA4X_master/GoogleTest/test_code/AUI_test/src/test_src/aui_shader_test.cpp" line="36" status="run" result="completed" time="0" timestamp="2021-04-10T00:07:27.283" classname="ShaderTest_API">
      <failure message="/home/yardie/Desktop/TDA4X_master/GoogleTest/test_code/AUI_test/src/test_src/aui_shader_test.cpp:50&#x0A;Expected equality of these values:&#x0A;  result&#x0A;    Which is: false&#x0A;  true" type=""><![CDATA[/home/yardie/Desktop/TDA4X_master/GoogleTest/test_code/AUI_test/src/test_src/aui_shader_test.cpp:50
Expected equality of these values:
  result
    Which is: false
  true]]></failure>
    </testcase>
    <testcase name="shader_api_test_004" file="/home/yardie/Desktop/TDA4X_master/GoogleTest/test_code/AUI_test/src/test_src/aui_shader_test.cpp" line="55" status="run" result="completed" time="0" timestamp="2021-04-10T00:07:27.283" classname="ShaderTest_API" />
    <testcase name="shader_api_test_005" file="/home/yardie/Desktop/TDA4X_master/GoogleTest/test_code/AUI_test/src/test_src/aui_shader_test.cpp" line="77" status="run" result="completed" time="0" timestamp="2021-04-10T00:07:27.283" classname="ShaderTest_API" />
  </testsuite>
  <testsuite name="AiControlTest_API" tests="5" failures="0" disabled="0" skipped="0" errors="0" time="0" timestamp="2021-04-10T00:07:27.283">
    <testcase name="AiControl_api_test_001" file="/home/yardie/Desktop/TDA4X_master/GoogleTest/test_code/AUI_test/src/test_src/aui_aicontrol_test.cpp" line="4" status="run" result="completed" time="0" timestamp="2021-04-10T00:07:27.283" classname="AiControlTest_API" />
    <testcase name="AiControl_api_test_002" file="/home/yardie/Desktop/TDA4X_master/GoogleTest/test_code/AUI_test/src/test_src/aui_aicontrol_test.cpp" line="12" status="run" result="completed" time="0" timestamp="2021-04-10T00:07:27.283" classname="AiControlTest_API" />
    <testcase name="AiControl_api_test_003" file="/home/yardie/Desktop/TDA4X_master/GoogleTest/test_code/AUI_test/src/test_src/aui_aicontrol_test.cpp" line="31" status="run" result="completed" time="0" timestamp="2021-04-10T00:07:27.283" classname="AiControlTest_API" />
    <testcase name="AiControl_api_test_004" file="/home/yardie/Desktop/TDA4X_master/GoogleTest/test_code/AUI_test/src/test_src/aui_aicontrol_test.cpp" line="45" status="run" result="completed" time="0" timestamp="2021-04-10T00:07:27.284" classname="AiControlTest_API" />
    <testcase name="AiControl_api_test_005" file="/home/yardie/Desktop/TDA4X_master/GoogleTest/test_code/AUI_test/src/test_src/aui_aicontrol_test.cpp" line="67" status="run" result="completed" time="0" timestamp="2021-04-10T00:07:27.284" classname="AiControlTest_API" />
  </testsuite>
  <testsuite name="AiControlAndDatamng" tests="1" failures="0" disabled="0" skipped="0" errors="0" time="0" timestamp="2021-04-10T00:07:27.284">
    <testcase name="AiControlAndDatamng_test_001" file="/home/yardie/Desktop/TDA4X_master/GoogleTest/test_code/AUI_test/src/test_src/aui_aicontrol_test.cpp" line="95" status="run" result="completed" time="0" timestamp="2021-04-10T00:07:27.284" classname="AiControlAndDatamng" />
  </testsuite>
  <testsuite name="DatamngTest" tests="3" failures="0" disabled="0" skipped="0" errors="0" time="0" timestamp="2021-04-10T00:07:27.284">
    <testcase name="DatamngTest_001" file="/home/yardie/Desktop/TDA4X_master/GoogleTest/test_code/AUI_test/src/test_src/aui_aicontrol_test.cpp" line="128" status="run" result="completed" time="0" timestamp="2021-04-10T00:07:27.284" classname="DatamngTest" />
    <testcase name="DatamngTest_002" file="/home/yardie/Desktop/TDA4X_master/GoogleTest/test_code/AUI_test/src/test_src/aui_aicontrol_test.cpp" line="143" status="run" result="completed" time="0" timestamp="2021-04-10T00:07:27.285" classname="DatamngTest" />
    <testcase name="DatamngTest_003" file="/home/yardie/Desktop/TDA4X_master/GoogleTest/test_code/AUI_test/src/test_src/aui_aicontrol_test.cpp" line="158" status="run" result="completed" time="0" timestamp="2021-04-10T00:07:27.285" classname="DatamngTest" />
  </testsuite>
</testsuites>
